<?xml version="1.0" encoding="UTF-8"?>
<!-- Generated by org.testng.reporters.JUnitReportReporter -->
<testsuite skipped="0" hostname="Faruk" name="com.qa.techfios.tests.HomePageTest" tests="3" failures="0" timestamp="19 Dec 2022 16:11:06 GMT" time="9.470" errors="0">
  <testcase name="validateToggleAllFunctionality" time="3.307" classname="com.qa.techfios.tests.HomePageTest"/>
  <testcase name="validateDuplicateCategoryMessage" time="2.860" classname="com.qa.techfios.tests.HomePageTest"/>
  <testcase name="validateMonthsInDueDateDropDown" time="3.303" classname="com.qa.techfios.tests.HomePageTest"/>
</testsuite> <!-- com.qa.techfios.tests.HomePageTest -->
