<?xml version="1.0" encoding="UTF-8"?>
<!-- Generated by org.testng.reporters.JUnitReportReporter -->
<testsuite skipped="0" hostname="Faruk" name="HomePageTest" tests="1" failures="0" timestamp="15 Dec 2022 05:30:08 GMT" time="3.284" errors="0">
  <testcase name="validateToggleAllFunctionality" time="3.284" classname="HomePageTest"/>
</testsuite> <!-- HomePageTest -->
